c:\users\redox\desktop\my project - proiect 11\scientific calculator\debug\vc140.pdb
c:\users\redox\desktop\my project - proiect 11\scientific calculator\debug\.netframework,version=v4.5.2.assemblyattributes.obj
c:\users\redox\desktop\my project - proiect 11\scientific calculator\debug\.netframework,version=v4.5.2.assemblyattributes.asm
c:\users\redox\desktop\my project - proiect 11\scientific calculator\debug\myform1.obj
c:\users\redox\desktop\my project - proiect 11\scientific calculator\debug\menuform.obj
c:\users\redox\desktop\my project - proiect 11\scientific calculator\debug\application.obj
c:\users\redox\desktop\my project - proiect 11\scientific calculator\debug\mylottery.obj
c:\users\redox\desktop\my project - proiect 11\scientific calculator\debug\mycalc.obj
c:\users\redox\desktop\my project - proiect 11\debug\scientific calculator.exe
c:\users\redox\desktop\my project - proiect 11\debug\scientific calculator.pdb
c:\users\redox\desktop\my project - proiect 11\scientific calculator\debug\scientific_calculator.menuform.resources
c:\users\redox\desktop\my project - proiect 11\scientific calculator\debug\scientific_calculator.mycalc.resources
c:\users\redox\desktop\my project - proiect 11\scientific calculator\debug\scientific_calculator.myform1.resources
c:\users\redox\desktop\my project - proiect 11\scientific calculator\debug\scientific_calculator.mylottery.resources
c:\users\redox\desktop\my project - proiect 11\scientific calculator\debug\scientific calculator.vcxproj.generateresource.cache
c:\users\redox\desktop\my project - proiect 11\scientific calculator\debug\scientific calculator.vcxprojresolveassemblyreference.cache
c:\users\redox\desktop\my project - proiect 11\scientific calculator\debug\scientif.9696b190.tlog\cl.command.1.tlog
c:\users\redox\desktop\my project - proiect 11\scientific calculator\debug\scientif.9696b190.tlog\cl.read.1.tlog
c:\users\redox\desktop\my project - proiect 11\scientific calculator\debug\scientif.9696b190.tlog\cl.write.1.tlog
c:\users\redox\desktop\my project - proiect 11\scientific calculator\debug\scientif.9696b190.tlog\link.command.1.tlog
c:\users\redox\desktop\my project - proiect 11\scientific calculator\debug\scientif.9696b190.tlog\link.read.1.tlog
c:\users\redox\desktop\my project - proiect 11\scientific calculator\debug\scientif.9696b190.tlog\link.write.1.tlog
c:\users\redox\desktop\my project - proiect 11\scientific calculator\debug\scientif.9696b190.tlog\metagen.read.1.tlog
c:\users\redox\desktop\my project - proiect 11\scientific calculator\debug\scientif.9696b190.tlog\metagen.write.1.tlog
c:\users\redox\desktop\my project - proiect 11\scientific calculator\debug\scientif.9696b190.tlog\scientific calculator.write.1u.tlog
c:\users\redox\desktop\my project - proiect 11\scientific calculator\debug\scientif.9696b190.tlog\tzres.dll.bi
