C:\Program Files (x86)\MSBuild\Microsoft.Cpp\v4.0\V140\Microsoft.CppBuild.targets(392,5): warning MSB8028: The intermediate directory (Debug\) contains files shared from another project (Multifunctional App.vcxproj).  This can lead to incorrect clean and rebuild behavior.
  MenuForm.cpp
C:\Users\Redox\Desktop\My project - proiect 11\Engine\src\Engine.h(221): warning C4244: '=': conversion from 'double' to 'int', possible loss of data
C:\Users\Redox\Desktop\My project - proiect 11\Engine\src\Engine.h(227): warning C4244: '=': conversion from 'double' to 'int', possible loss of data
C:\Users\Redox\Desktop\My project - proiect 11\Engine\src\Engine.h(233): warning C4244: '=': conversion from 'double' to 'int', possible loss of data
c:\users\redox\desktop\my project - proiect 11\scientific calculator\QuizForm.h(348): warning C4244: 'initializing': conversion from 'wchar_t' to 'char', possible loss of data
  MyCalc.cpp
C:\Users\Redox\Desktop\My project - proiect 11\Engine\src\Engine.h(221): warning C4244: '=': conversion from 'double' to 'int', possible loss of data
C:\Users\Redox\Desktop\My project - proiect 11\Engine\src\Engine.h(227): warning C4244: '=': conversion from 'double' to 'int', possible loss of data
C:\Users\Redox\Desktop\My project - proiect 11\Engine\src\Engine.h(233): warning C4244: '=': conversion from 'double' to 'int', possible loss of data
  MyLottery.cpp
C:\Users\Redox\Desktop\My project - proiect 11\Engine\src\Engine.h(221): warning C4244: '=': conversion from 'double' to 'int', possible loss of data
C:\Users\Redox\Desktop\My project - proiect 11\Engine\src\Engine.h(227): warning C4244: '=': conversion from 'double' to 'int', possible loss of data
C:\Users\Redox\Desktop\My project - proiect 11\Engine\src\Engine.h(233): warning C4244: '=': conversion from 'double' to 'int', possible loss of data
  Quiz.cpp
C:\Users\Redox\Desktop\My project - proiect 11\Engine\src\Engine.h(221): warning C4244: '=': conversion from 'double' to 'int', possible loss of data
C:\Users\Redox\Desktop\My project - proiect 11\Engine\src\Engine.h(227): warning C4244: '=': conversion from 'double' to 'int', possible loss of data
C:\Users\Redox\Desktop\My project - proiect 11\Engine\src\Engine.h(233): warning C4244: '=': conversion from 'double' to 'int', possible loss of data
c:\users\redox\desktop\my project - proiect 11\scientific calculator\QuizForm.h(348): warning C4244: 'initializing': conversion from 'wchar_t' to 'char', possible loss of data
  Application.cpp
C:\Users\Redox\Desktop\My project - proiect 11\Engine\src\Engine.h(221): warning C4244: '=': conversion from 'double' to 'int', possible loss of data
C:\Users\Redox\Desktop\My project - proiect 11\Engine\src\Engine.h(227): warning C4244: '=': conversion from 'double' to 'int', possible loss of data
C:\Users\Redox\Desktop\My project - proiect 11\Engine\src\Engine.h(233): warning C4244: '=': conversion from 'double' to 'int', possible loss of data
  Generating Code...
  Scientific Calculator.vcxproj -> C:\Users\Redox\Desktop\My project - proiect 11\Debug\Scientific Calculator.exe
  Scientific Calculator.vcxproj -> C:\Users\Redox\Desktop\My project - proiect 11\Debug\Scientific Calculator.pdb (Full PDB)
